C:\DATA\RME40003\ROBOTCOMMS\DEBUG\ROBOTCOMMS.EXE
C:\DATA\RME40003\ROBOTCOMMS\DEBUG\ROBOTCOMMS.ILK
C:\DATA\RME40003\ROBOTCOMMS\DEBUG\ROBOTCOMMS.PDB
C:\DATA\RME40003\ROBOTCOMMS\ROBOTCOMMS\DEBUG\.NETFRAMEWORK,VERSION=V4.0.ASSEMBLYATTRIBUTES.OBJ
C:\DATA\RME40003\ROBOTCOMMS\ROBOTCOMMS\DEBUG\APP.RES
C:\DATA\RME40003\ROBOTCOMMS\ROBOTCOMMS\DEBUG\ASSEMBLYINFO.OBJ
C:\Data\RME40003\RobotComms\RobotComms\Debug\cl.command.1.tlog
C:\Data\RME40003\RobotComms\RobotComms\Debug\CL.read.1.tlog
C:\Data\RME40003\RobotComms\RobotComms\Debug\CL.write.1.tlog
C:\Data\RME40003\RobotComms\RobotComms\Debug\link.2176.read.1.tlog
C:\Data\RME40003\RobotComms\RobotComms\Debug\link.2176.write.1.tlog
C:\Data\RME40003\RobotComms\RobotComms\Debug\link.2176-cvtres.read.1.tlog
C:\Data\RME40003\RobotComms\RobotComms\Debug\link.2176-cvtres.write.1.tlog
C:\Data\RME40003\RobotComms\RobotComms\Debug\link.3360.read.1.tlog
C:\Data\RME40003\RobotComms\RobotComms\Debug\link.3360.write.1.tlog
C:\Data\RME40003\RobotComms\RobotComms\Debug\link.3360-cvtres.read.1.tlog
C:\Data\RME40003\RobotComms\RobotComms\Debug\link.3360-cvtres.write.1.tlog
C:\Data\RME40003\RobotComms\RobotComms\Debug\link.3412.read.1.tlog
C:\Data\RME40003\RobotComms\RobotComms\Debug\link.3412.write.1.tlog
C:\Data\RME40003\RobotComms\RobotComms\Debug\link.3412-cvtres.read.1.tlog
C:\Data\RME40003\RobotComms\RobotComms\Debug\link.3412-cvtres.write.1.tlog
C:\Data\RME40003\RobotComms\RobotComms\Debug\link.5660.read.1.tlog
C:\Data\RME40003\RobotComms\RobotComms\Debug\link.5660.write.1.tlog
C:\Data\RME40003\RobotComms\RobotComms\Debug\link.5660-cvtres.read.1.tlog
C:\Data\RME40003\RobotComms\RobotComms\Debug\link.5660-cvtres.write.1.tlog
C:\Data\RME40003\RobotComms\RobotComms\Debug\link.5672.read.1.tlog
C:\Data\RME40003\RobotComms\RobotComms\Debug\link.5672.write.1.tlog
C:\Data\RME40003\RobotComms\RobotComms\Debug\link.5672-cvtres.read.1.tlog
C:\Data\RME40003\RobotComms\RobotComms\Debug\link.5672-cvtres.write.1.tlog
C:\Data\RME40003\RobotComms\RobotComms\Debug\link.6552.read.1.tlog
C:\Data\RME40003\RobotComms\RobotComms\Debug\link.6552.write.1.tlog
C:\Data\RME40003\RobotComms\RobotComms\Debug\link.6552-cvtres.read.1.tlog
C:\Data\RME40003\RobotComms\RobotComms\Debug\link.6552-cvtres.write.1.tlog
C:\Data\RME40003\RobotComms\RobotComms\Debug\link.6796.read.1.tlog
C:\Data\RME40003\RobotComms\RobotComms\Debug\link.6796.write.1.tlog
C:\Data\RME40003\RobotComms\RobotComms\Debug\link.6796-cvtres.read.1.tlog
C:\Data\RME40003\RobotComms\RobotComms\Debug\link.6796-cvtres.write.1.tlog
C:\Data\RME40003\RobotComms\RobotComms\Debug\link.7028.read.1.tlog
C:\Data\RME40003\RobotComms\RobotComms\Debug\link.7028.write.1.tlog
C:\Data\RME40003\RobotComms\RobotComms\Debug\link.7028-cvtres.read.1.tlog
C:\Data\RME40003\RobotComms\RobotComms\Debug\link.7028-cvtres.write.1.tlog
C:\Data\RME40003\RobotComms\RobotComms\Debug\link.940.read.1.tlog
C:\Data\RME40003\RobotComms\RobotComms\Debug\link.940.write.1.tlog
C:\Data\RME40003\RobotComms\RobotComms\Debug\link.940-cvtres.read.1.tlog
C:\Data\RME40003\RobotComms\RobotComms\Debug\link.940-cvtres.write.1.tlog
C:\Data\RME40003\RobotComms\RobotComms\Debug\link.command.1.tlog
C:\Data\RME40003\RobotComms\RobotComms\Debug\link.read.1.tlog
C:\Data\RME40003\RobotComms\RobotComms\Debug\link.write.1.tlog
C:\Data\RME40003\RobotComms\RobotComms\Debug\mt.command.1.tlog
C:\Data\RME40003\RobotComms\RobotComms\Debug\mt.read.1.tlog
C:\Data\RME40003\RobotComms\RobotComms\Debug\mt.write.1.tlog
C:\Data\RME40003\RobotComms\RobotComms\Debug\rc.command.1.tlog
C:\Data\RME40003\RobotComms\RobotComms\Debug\rc.read.1.tlog
C:\Data\RME40003\RobotComms\RobotComms\Debug\rc.write.1.tlog
C:\DATA\RME40003\ROBOTCOMMS\ROBOTCOMMS\DEBUG\ROBOTCOMMS.EXE.INTERMEDIATE.MANIFEST
C:\DATA\RME40003\ROBOTCOMMS\ROBOTCOMMS\DEBUG\ROBOTCOMMS.OBJ
C:\DATA\RME40003\ROBOTCOMMS\ROBOTCOMMS\DEBUG\ROBOTCOMMS.PCH
C:\Data\RME40003\RobotComms\RobotComms\Debug\RobotComms.write.1.tlog
C:\DATA\RME40003\ROBOTCOMMS\ROBOTCOMMS\DEBUG\STDAFX.OBJ
C:\DATA\RME40003\ROBOTCOMMS\ROBOTCOMMS\DEBUG\VC100.PDB
